{"/home/fmgordillo/code/data-structures-javascript/01-linked-lists/LinkedList.js": {"path":"/home/fmgordillo/code/data-structures-javascript/01-linked-lists/LinkedList.js","statementMap":{"0":{"start":{"line":5,"column":4},"end":{"line":5,"column":20}},"1":{"start":{"line":6,"column":4},"end":{"line":6,"column":20}},"2":{"start":{"line":11,"column":4},"end":{"line":11,"column":20}},"3":{"start":{"line":16,"column":22},"end":{"line":16,"column":31}},"4":{"start":{"line":18,"column":4},"end":{"line":20,"column":5}},"5":{"start":{"line":19,"column":6},"end":{"line":19,"column":36}},"6":{"start":{"line":22,"column":4},"end":{"line":22,"column":22}},"7":{"start":{"line":30,"column":17},"end":{"line":30,"column":32}},"8":{"start":{"line":33,"column":4},"end":{"line":40,"column":5}},"9":{"start":{"line":34,"column":6},"end":{"line":34,"column":22}},"10":{"start":{"line":35,"column":6},"end":{"line":35,"column":22}},"11":{"start":{"line":38,"column":6},"end":{"line":38,"column":27}},"12":{"start":{"line":39,"column":6},"end":{"line":39,"column":22}},"13":{"start":{"line":42,"column":4},"end":{"line":42,"column":15}},"14":{"start":{"line":47,"column":24},"end":{"line":47,"column":33}},"15":{"start":{"line":49,"column":4},"end":{"line":53,"column":5}},"16":{"start":{"line":50,"column":6},"end":{"line":50,"column":22}},"17":{"start":{"line":51,"column":6},"end":{"line":51,"column":22}},"18":{"start":{"line":52,"column":6},"end":{"line":52,"column":24}},"19":{"start":{"line":55,"column":22},"end":{"line":55,"column":31}},"20":{"start":{"line":57,"column":4},"end":{"line":63,"column":5}},"21":{"start":{"line":58,"column":6},"end":{"line":62,"column":7}},"22":{"start":{"line":59,"column":8},"end":{"line":59,"column":31}},"23":{"start":{"line":61,"column":8},"end":{"line":61,"column":38}},"24":{"start":{"line":65,"column":4},"end":{"line":65,"column":27}},"25":{"start":{"line":67,"column":4},"end":{"line":67,"column":22}},"26":{"start":{"line":72,"column":15},"end":{"line":72,"column":16}},"27":{"start":{"line":73,"column":22},"end":{"line":73,"column":31}},"28":{"start":{"line":75,"column":4},"end":{"line":78,"column":5}},"29":{"start":{"line":76,"column":6},"end":{"line":76,"column":12}},"30":{"start":{"line":77,"column":6},"end":{"line":77,"column":36}},"31":{"start":{"line":80,"column":4},"end":{"line":80,"column":15}}},"fnMap":{"0":{"name":"(anonymous_0)","decl":{"start":{"line":4,"column":2},"end":{"line":4,"column":3}},"loc":{"start":{"line":4,"column":17},"end":{"line":7,"column":3}},"line":4},"1":{"name":"(anonymous_1)","decl":{"start":{"line":10,"column":2},"end":{"line":10,"column":3}},"loc":{"start":{"line":10,"column":13},"end":{"line":12,"column":3}},"line":10},"2":{"name":"(anonymous_2)","decl":{"start":{"line":15,"column":2},"end":{"line":15,"column":3}},"loc":{"start":{"line":15,"column":13},"end":{"line":23,"column":3}},"line":15},"3":{"name":"(anonymous_3)","decl":{"start":{"line":29,"column":2},"end":{"line":29,"column":3}},"loc":{"start":{"line":29,"column":17},"end":{"line":43,"column":3}},"line":29},"4":{"name":"(anonymous_4)","decl":{"start":{"line":46,"column":2},"end":{"line":46,"column":3}},"loc":{"start":{"line":46,"column":9},"end":{"line":68,"column":3}},"line":46},"5":{"name":"(anonymous_5)","decl":{"start":{"line":71,"column":2},"end":{"line":71,"column":3}},"loc":{"start":{"line":71,"column":10},"end":{"line":81,"column":3}},"line":71}},"branchMap":{"0":{"loc":{"start":{"line":18,"column":11},"end":{"line":18,"column":42}},"type":"binary-expr","locations":[{"start":{"line":18,"column":11},"end":{"line":18,"column":22}},{"start":{"line":18,"column":26},"end":{"line":18,"column":42}}],"line":18},"1":{"loc":{"start":{"line":33,"column":4},"end":{"line":40,"column":5}},"type":"if","locations":[{"start":{"line":33,"column":4},"end":{"line":40,"column":5}},{"start":{"line":37,"column":11},"end":{"line":40,"column":5}}],"line":33},"2":{"loc":{"start":{"line":49,"column":4},"end":{"line":53,"column":5}},"type":"if","locations":[{"start":{"line":49,"column":4},"end":{"line":53,"column":5}},{"start":{},"end":{}}],"line":49},"3":{"loc":{"start":{"line":57,"column":11},"end":{"line":57,"column":42}},"type":"binary-expr","locations":[{"start":{"line":57,"column":11},"end":{"line":57,"column":22}},{"start":{"line":57,"column":26},"end":{"line":57,"column":42}}],"line":57},"4":{"loc":{"start":{"line":58,"column":6},"end":{"line":62,"column":7}},"type":"if","locations":[{"start":{"line":58,"column":6},"end":{"line":62,"column":7}},{"start":{"line":60,"column":13},"end":{"line":62,"column":7}}],"line":58}},"s":{"0":6,"1":6,"2":3,"3":3,"4":3,"5":0,"6":3,"7":14,"8":14,"9":6,"10":6,"11":8,"12":8,"13":14,"14":4,"15":4,"16":2,"17":2,"18":2,"19":2,"20":2,"21":3,"22":2,"23":1,"24":2,"25":2,"26":4,"27":4,"28":4,"29":6,"30":6,"31":4},"f":{"0":6,"1":3,"2":3,"3":14,"4":4,"5":4},"b":{"0":[3,2],"1":[6,8],"2":[2,2],"3":[5,5],"4":[2,1]},"_coverageSchema":"1a1c01bbd47fc00a2c39e90264f33305004495a9","hash":"4328bf2f049828f1d97a5e8fbf9401c1fa7610cd"}
,"/home/fmgordillo/code/data-structures-javascript/01-linked-lists/Node.js": {"path":"/home/fmgordillo/code/data-structures-javascript/01-linked-lists/Node.js","statementMap":{"0":{"start":{"line":3,"column":4},"end":{"line":3,"column":22}},"1":{"start":{"line":4,"column":4},"end":{"line":4,"column":20}},"2":{"start":{"line":12,"column":4},"end":{"line":12,"column":60}}},"fnMap":{"0":{"name":"(anonymous_0)","decl":{"start":{"line":2,"column":2},"end":{"line":2,"column":3}},"loc":{"start":{"line":2,"column":35},"end":{"line":5,"column":3}},"line":2},"1":{"name":"(anonymous_1)","decl":{"start":{"line":11,"column":2},"end":{"line":11,"column":3}},"loc":{"start":{"line":11,"column":22},"end":{"line":13,"column":3}},"line":11}},"branchMap":{"0":{"loc":{"start":{"line":2,"column":22},"end":{"line":2,"column":33}},"type":"default-arg","locations":[{"start":{"line":2,"column":29},"end":{"line":2,"column":33}}],"line":2},"1":{"loc":{"start":{"line":12,"column":11},"end":{"line":12,"column":60}},"type":"cond-expr","locations":[{"start":{"line":12,"column":22},"end":{"line":12,"column":42}},{"start":{"line":12,"column":45},"end":{"line":12,"column":60}}],"line":12}},"s":{"0":18,"1":18,"2":2},"f":{"0":18,"1":2},"b":{"0":[17],"1":[1,1]},"_coverageSchema":"1a1c01bbd47fc00a2c39e90264f33305004495a9","hash":"b8009cedce7e55b893d118e0212ac14f8abd66ab"}
}
