TN:
SF:01-linked-lists/LinkedList.js
FN:4,(anonymous_0)
FN:10,(anonymous_1)
FN:15,(anonymous_2)
FN:29,(anonymous_3)
FN:46,(anonymous_4)
FN:71,(anonymous_5)
FNF:6
FNH:6
FNDA:6,(anonymous_0)
FNDA:3,(anonymous_1)
FNDA:3,(anonymous_2)
FNDA:14,(anonymous_3)
FNDA:4,(anonymous_4)
FNDA:4,(anonymous_5)
DA:5,6
DA:6,6
DA:11,3
DA:16,3
DA:18,3
DA:19,0
DA:22,3
DA:30,14
DA:33,14
DA:34,6
DA:35,6
DA:38,8
DA:39,8
DA:42,14
DA:47,4
DA:49,4
DA:50,2
DA:51,2
DA:52,2
DA:55,2
DA:57,2
DA:58,3
DA:59,2
DA:61,1
DA:65,2
DA:67,2
DA:72,4
DA:73,4
DA:75,4
DA:76,6
DA:77,6
DA:80,4
LF:32
LH:31
BRDA:18,0,0,3
BRDA:18,0,1,2
BRDA:33,1,0,6
BRDA:33,1,1,8
BRDA:49,2,0,2
BRDA:49,2,1,2
BRDA:57,3,0,5
BRDA:57,3,1,5
BRDA:58,4,0,2
BRDA:58,4,1,1
BRF:10
BRH:10
end_of_record
TN:
SF:01-linked-lists/Node.js
FN:2,(anonymous_0)
FN:11,(anonymous_1)
FNF:2
FNH:2
FNDA:18,(anonymous_0)
FNDA:2,(anonymous_1)
DA:3,18
DA:4,18
DA:12,2
LF:3
LH:3
BRDA:2,0,0,17
BRDA:12,1,0,1
BRDA:12,1,1,1
BRF:3
BRH:3
end_of_record
